<?xml version="1.0" encoding="UTF-8"?>
<!-- Generated by org.testng.reporters.JUnitXMLReporter -->
<testsuite hostname="rahul-Lenovo-G50-70" ignored="0" name="validation test" tests="3" failures="0" timestamp="17 Dec 2016 20:33:53 GMT" time="0.165" errors="0">
  <testcase name="Enterusename" time="0.013" classname="framework.frameworktestingone"/>
  <testcase name="flightbooking" time="0.006" classname="framework.frameworktestingone"/>
  <testcase name="openingbrowser" time="0.006" classname="framework.frameworktestingone"/>
</testsuite> <!-- validation test -->
