<?xml version="1.0" encoding="UTF-8"?>
<testng-results skipped="0" failed="0" ignored="0" total="1" passed="1">
  <reporter-output>
  </reporter-output>
  <suite name="Default suite" duration-ms="78" started-at="2016-12-17T21:12:59Z" finished-at="2016-12-17T21:12:59Z">
    <groups>
    </groups>
    <test name="Default test" duration-ms="78" started-at="2016-12-17T21:12:59Z" finished-at="2016-12-17T21:12:59Z">
      <class name="framework.DataDrivenFramework">
        <test-method status="PASS" signature="Username()[pri:0, instance:framework.DataDrivenFramework@50c87b21]" name="Username" duration-ms="25" started-at="2016-12-17T15:12:59Z" finished-at="2016-12-17T15:12:59Z">
          <reporter-output>
          </reporter-output>
        </test-method> <!-- Username -->
      </class> <!-- framework.DataDrivenFramework -->
    </test> <!-- Default test -->
  </suite> <!-- Default suite -->
</testng-results>
